<?xml version="1.0" encoding="UTF-8"?>
<coverage generated="1624990346151" clover="3.2.0">
  <project timestamp="1624990346151" name="All files">
    <metrics statements="31" coveredstatements="9" conditionals="5" coveredconditionals="0" methods="10" coveredmethods="1" elements="46" coveredelements="10" complexity="0" loc="31" ncloc="31" packages="3" files="5" classes="5"/>
    <package name="assets">
      <metrics statements="4" coveredstatements="0" conditionals="3" coveredconditionals="0" methods="2" coveredmethods="0"/>
      <file name="Heart.tsx" path="/Users/willlarry/dev/recipesMobile/src/assets/Heart.tsx">
        <metrics statements="2" coveredstatements="0" conditionals="1" coveredconditionals="0" methods="1" coveredmethods="0"/>
        <line num="10" count="0" type="cond" truecount="0" falsecount="1"/>
        <line num="11" count="0" type="stmt"/>
      </file>
      <file name="Profile.tsx" path="/Users/willlarry/dev/recipesMobile/src/assets/Profile.tsx">
        <metrics statements="2" coveredstatements="0" conditionals="2" coveredconditionals="0" methods="1" coveredmethods="0"/>
        <line num="10" count="0" type="cond" truecount="0" falsecount="2"/>
        <line num="11" count="0" type="stmt"/>
      </file>
    </package>
    <package name="components">
      <metrics statements="3" coveredstatements="0" conditionals="0" coveredconditionals="0" methods="1" coveredmethods="0"/>
      <file name="HeaderIcons.tsx" path="/Users/willlarry/dev/recipesMobile/src/components/HeaderIcons.tsx">
        <metrics statements="3" coveredstatements="0" conditionals="0" coveredconditionals="0" methods="1" coveredmethods="0"/>
        <line num="7" count="0" type="stmt"/>
        <line num="8" count="0" type="stmt"/>
        <line num="20" count="0" type="stmt"/>
      </file>
    </package>
    <package name="containers">
      <metrics statements="24" coveredstatements="9" conditionals="2" coveredconditionals="0" methods="7" coveredmethods="1"/>
      <file name="LoginScreen.tsx" path="/Users/willlarry/dev/recipesMobile/src/containers/LoginScreen.tsx">
        <metrics statements="10" coveredstatements="7" conditionals="0" coveredconditionals="0" methods="4" coveredmethods="1"/>
        <line num="15" count="1" type="stmt"/>
        <line num="16" count="1" type="stmt"/>
        <line num="18" count="1" type="stmt"/>
        <line num="19" count="1" type="stmt"/>
        <line num="21" count="1" type="stmt"/>
        <line num="22" count="0" type="stmt"/>
        <line num="25" count="1" type="stmt"/>
        <line num="36" count="0" type="stmt"/>
        <line num="47" count="0" type="stmt"/>
        <line num="66" count="1" type="stmt"/>
      </file>
      <file name="RegistrationScreen.tsx" path="/Users/willlarry/dev/recipesMobile/src/containers/RegistrationScreen.tsx">
        <metrics statements="14" coveredstatements="2" conditionals="2" coveredconditionals="0" methods="3" coveredmethods="0"/>
        <line num="15" count="1" type="stmt"/>
        <line num="16" count="0" type="stmt"/>
        <line num="18" count="0" type="stmt"/>
        <line num="19" count="0" type="stmt"/>
        <line num="20" count="0" type="stmt"/>
        <line num="21" count="0" type="stmt"/>
        <line num="23" count="0" type="stmt"/>
        <line num="24" count="0" type="cond" truecount="0" falsecount="2"/>
        <line num="25" count="0" type="stmt"/>
        <line num="26" count="0" type="stmt"/>
        <line num="30" count="0" type="stmt"/>
        <line num="31" count="0" type="stmt"/>
        <line num="33" count="0" type="stmt"/>
        <line num="97" count="1" type="stmt"/>
      </file>
    </package>
  </project>
</coverage>
